# JRE version: OpenJDK Runtime Environment (17.0.6) (build 17.0.6+0-b2043.56-10027231)
# Java VM: OpenJDK 64-Bit Server VM (17.0.6+0-b2043.56-10027231, mixed mode, tiered, compressed oops, compressed class ptrs, g1 gc, windows-amd64)
GC Precious Log:
 CPUs: 4 total, 4 available
 Memory: 11721M
 Large Page Support: Disabled
 NUMA Support: Disabled
 Compressed Oops: Enabled (Zero based)
 Heap Region Size: 2M
 Heap Min Capacity: 8M
 Heap Initial Capacity: 184M
 Heap Max Capacity: 2932M
 Pre-touch: Disabled
 Parallel Workers: 4
 Concurrent Workers: 1
 Concurrent Refinement Workers: 4
 Periodic GC: Disabled
Heap:
 garbage-first heap   total 59392K, used 35268K [0x0000000748c00000, 0x0000000800000000)
  region size 2048K, 1 young (2048K), 1 survivors (2048K)
 Metaspace       used 43898K, committed 44224K, reserved 1089536K
  class space    used 5311K, committed 5440K, reserved 1048576K
GC Heap History (20 events):
Event: 2.713 GC heap after
{Heap after GC invocations=3 (full 0):
 garbage-first heap   total 188416K, used 10582K [0x0000000748c00000, 0x0000000800000000)
  region size 2048K, 3 young (6144K), 3 survivors (6144K)
 Metaspace       used 21330K, committed 21504K, reserved 1073152K
  class space    used 2366K, committed 2432K, reserved 1048576K
}
Event: 3.753 GC heap before
{Heap before GC invocations=4 (full 0):
 garbage-first heap   total 49152K, used 37206K [0x0000000748c00000, 0x0000000800000000)
  region size 2048K, 15 young (30720K), 3 survivors (6144K)
 Metaspace       used 28930K, committed 29184K, reserved 1081344K
  class space    used 3214K, committed 3328K, reserved 1048576K
}
Event: 3.763 GC heap after
{Heap after GC invocations=5 (full 0):
 garbage-first heap   total 49152K, used 16797K [0x0000000748c00000, 0x0000000800000000)
  region size 2048K, 3 young (6144K), 3 survivors (6144K)
 Metaspace       used 28930K, committed 29184K, reserved 1081344K
  class space    used 3214K, committed 3328K, reserved 1048576K
}
Event: 4.468 GC heap before
{Heap before GC invocations=5 (full 0):
 garbage-first heap   total 49152K, used 33181K [0x0000000748c00000, 0x0000000800000000)
  region size 2048K, 11 young (22528K), 3 survivors (6144K)
 Metaspace       used 33323K, committed 33600K, reserved 1081344K
  class space    used 4046K, committed 4160K, reserved 1048576K
}
Event: 4.485 GC heap after
{Heap after GC invocations=6 (full 0):
 garbage-first heap   total 49152K, used 20685K [0x0000000748c00000, 0x0000000800000000)
  region size 2048K, 2 young (4096K), 2 survivors (4096K)
 Metaspace       used 33323K, committed 33600K, reserved 1081344K
  class space    used 4046K, committed 4160K, reserved 1048576K
}
Event: 4.856 GC heap before
{Heap before GC invocations=6 (full 0):
 garbage-first heap   total 49152K, used 35021K [0x0000000748c00000, 0x0000000800000000)
  region size 2048K, 9 young (18432K), 2 survivors (4096K)
 Metaspace       used 33417K, committed 33664K, reserved 1081344K
  class space    used 4046K, committed 4160K, reserved 1048576K
}
Event: 4.874 GC heap after
{Heap after GC invocations=7 (full 0):
 garbage-first heap   total 49152K, used 22322K [0x0000000748c00000, 0x0000000800000000)
  region size 2048K, 2 young (4096K), 2 survivors (4096K)
 Metaspace       used 33417K, committed 33664K, reserved 1081344K
  class space    used 4046K, committed 4160K, reserved 1048576K
}
Event: 5.176 GC heap before
{Heap before GC invocations=7 (full 0):
 garbage-first heap   total 49152K, used 36658K [0x0000000748c00000, 0x0000000800000000)
  region size 2048K, 8 young (16384K), 2 survivors (4096K)
 Metaspace       used 33840K, committed 34112K, reserved 1081344K
  class space    used 4076K, committed 4224K, reserved 1048576K
}
Event: 5.195 GC heap after
{Heap after GC invocations=8 (full 0):
 garbage-first heap   total 59392K, used 27602K [0x0000000748c00000, 0x0000000800000000)
  region size 2048K, 1 young (2048K), 1 survivors (2048K)
 Metaspace       used 33840K, committed 34112K, reserved 1081344K
  class space    used 4076K, committed 4224K, reserved 1048576K
}
Event: 5.616 GC heap before
{Heap before GC invocations=8 (full 0):
 garbage-first heap   total 59392K, used 37842K [0x0000000748c00000, 0x0000000800000000)
  region size 2048K, 7 young (14336K), 1 survivors (2048K)
 Metaspace       used 35881K, committed 36096K, reserved 1081344K
  class space    used 4516K, committed 4608K, reserved 1048576K
}
Event: 5.624 GC heap after
{Heap after GC invocations=9 (full 0):
 garbage-first heap   total 59392K, used 29178K [0x0000000748c00000, 0x0000000800000000)
  region size 2048K, 1 young (2048K), 1 survivors (2048K)
 Metaspace       used 35881K, committed 36096K, reserved 1081344K
  class space    used 4516K, committed 4608K, reserved 1048576K
}
Event: 6.022 GC heap before
{Heap before GC invocations=10 (full 0):
 garbage-first heap   total 59392K, used 45562K [0x0000000748c00000, 0x0000000800000000)
  region size 2048K, 8 young (16384K), 1 survivors (2048K)
 Metaspace       used 38768K, committed 39040K, reserved 1089536K
  class space    used 4839K, committed 4928K, reserved 1048576K
}
Event: 6.031 GC heap after
{Heap after GC invocations=11 (full 0):
 garbage-first heap   total 59392K, used 31771K [0x0000000748c00000, 0x0000000800000000)
  region size 2048K, 1 young (2048K), 1 survivors (2048K)
 Metaspace       used 38768K, committed 39040K, reserved 1089536K
  class space    used 4839K, committed 4928K, reserved 1048576K
}
Event: 6.044 GC heap before
{Heap before GC invocations=11 (full 0):
 garbage-first heap   total 59392K, used 33819K [0x0000000748c00000, 0x0000000800000000)
  region size 2048K, 2 young (4096K), 1 survivors (2048K)
 Metaspace       used 38771K, committed 39040K, reserved 1089536K
  class space    used 4839K, committed 4928K, reserved 1048576K
}
Event: 6.054 GC heap after
{Heap after GC invocations=12 (full 0):
 garbage-first heap   total 59392K, used 32400K [0x0000000748c00000, 0x0000000800000000)
  region size 2048K, 1 young (2048K), 1 survivors (2048K)
 Metaspace       used 38771K, committed 39040K, reserved 1089536K
  class space    used 4839K, committed 4928K, reserved 1048576K
}
Event: 6.330 GC heap before
{Heap before GC invocations=12 (full 0):
 garbage-first heap   total 59392K, used 42640K [0x0000000748c00000, 0x0000000800000000)
  region size 2048K, 6 young (12288K), 1 survivors (2048K)
 Metaspace       used 39581K, committed 39808K, reserved 1089536K
  class space    used 4935K, committed 5056K, reserved 1048576K
}
Event: 6.334 GC heap after
{Heap after GC invocations=13 (full 0):
 garbage-first heap   total 59392K, used 32624K [0x0000000748c00000, 0x0000000800000000)
  region size 2048K, 1 young (2048K), 1 survivors (2048K)
 Metaspace       used 39581K, committed 39808K, reserved 1089536K
  class space    used 4935K, committed 5056K, reserved 1048576K
}
Event: 6.742 GC heap before
{Heap before GC invocations=14 (full 0):
 garbage-first heap   total 59392K, used 40816K [0x0000000748c00000, 0x0000000800000000)
  region size 2048K, 6 young (12288K), 1 survivors (2048K)
 Metaspace       used 41554K, committed 41792K, reserved 1089536K
  class space    used 5140K, committed 5248K, reserved 1048576K
}
Event: 6.752 GC heap after
{Heap after GC invocations=15 (full 0):
 garbage-first heap   total 59392K, used 34262K [0x0000000748c00000, 0x0000000800000000)
  region size 2048K, 1 young (2048K), 1 survivors (2048K)
 Metaspace       used 41554K, committed 41792K, reserved 1089536K
  class space    used 5140K, committed 5248K, reserved 1048576K
}
Event: 7.092 GC heap before
{Heap before GC invocations=15 (full 0):
 garbage-first heap   total 59392K, used 42454K [0x0000000748c00000, 0x0000000800000000)
  region size 2048K, 6 young (12288K), 1 survivors (2048K)
 Metaspace       used 43898K, committed 44224K, reserved 1089536K
  class space    used 5311K, committed 5440K, reserved 1048576K
}

