# JRE version: OpenJDK Runtime Environment (17.0.6) (build 17.0.6+0-b2043.56-10027231)
# Java VM: OpenJDK 64-Bit Server VM (17.0.6+0-b2043.56-10027231, mixed mode, tiered, compressed oops, compressed class ptrs, g1 gc, windows-amd64)
GC Precious Log:
 CPUs: 4 total, 4 available
 Memory: 11721M
 Large Page Support: Disabled
 NUMA Support: Disabled
 Compressed Oops: Enabled (Zero based)
 Heap Region Size: 2M
 Heap Min Capacity: 8M
 Heap Initial Capacity: 184M
 Heap Max Capacity: 2932M
 Pre-touch: Disabled
 Parallel Workers: 4
 Concurrent Workers: 1
 Concurrent Refinement Workers: 4
 Periodic GC: Disabled
Heap:
 garbage-first heap   total 200704K, used 141758K [0x0000000748c00000, 0x0000000800000000)
  region size 2048K, 2 young (4096K), 2 survivors (4096K)
 Metaspace       used 81772K, committed 82112K, reserved 1122304K
  class space    used 9116K, committed 9280K, reserved 1048576K
GC Heap History (20 events):
Event: 24.126 GC heap after
{Heap after GC invocations=39 (full 0):
 garbage-first heap   total 200704K, used 99442K [0x0000000748c00000, 0x0000000800000000)
  region size 2048K, 3 young (6144K), 3 survivors (6144K)
 Metaspace       used 70962K, committed 71296K, reserved 1114112K
  class space    used 8160K, committed 8320K, reserved 1048576K
}
Event: 24.134 GC heap before
{Heap before GC invocations=39 (full 0):
 garbage-first heap   total 200704K, used 101490K [0x0000000748c00000, 0x0000000800000000)
  region size 2048K, 4 young (8192K), 3 survivors (6144K)
 Metaspace       used 70962K, committed 71296K, reserved 1114112K
  class space    used 8160K, committed 8320K, reserved 1048576K
}
Event: 24.144 GC heap after
{Heap after GC invocations=40 (full 0):
 garbage-first heap   total 200704K, used 99012K [0x0000000748c00000, 0x0000000800000000)
  region size 2048K, 1 young (2048K), 1 survivors (2048K)
 Metaspace       used 70962K, committed 71296K, reserved 1114112K
  class space    used 8160K, committed 8320K, reserved 1048576K
}
Event: 25.388 GC heap before
{Heap before GC invocations=40 (full 0):
 garbage-first heap   total 200704K, used 160452K [0x0000000748c00000, 0x0000000800000000)
  region size 2048K, 31 young (63488K), 1 survivors (2048K)
 Metaspace       used 71209K, committed 71552K, reserved 1114112K
  class space    used 8162K, committed 8320K, reserved 1048576K
}
Event: 25.398 GC heap after
{Heap after GC invocations=41 (full 0):
 garbage-first heap   total 200704K, used 105228K [0x0000000748c00000, 0x0000000800000000)
  region size 2048K, 4 young (8192K), 4 survivors (8192K)
 Metaspace       used 71209K, committed 71552K, reserved 1114112K
  class space    used 8162K, committed 8320K, reserved 1048576K
}
Event: 28.358 GC heap before
{Heap before GC invocations=42 (full 0):
 garbage-first heap   total 200704K, used 160524K [0x0000000748c00000, 0x0000000800000000)
  region size 2048K, 31 young (63488K), 4 survivors (8192K)
 Metaspace       used 71631K, committed 71936K, reserved 1114112K
  class space    used 8178K, committed 8320K, reserved 1048576K
}
Event: 28.374 GC heap after
{Heap after GC invocations=43 (full 0):
 garbage-first heap   total 200704K, used 110522K [0x0000000748c00000, 0x0000000800000000)
  region size 2048K, 3 young (6144K), 3 survivors (6144K)
 Metaspace       used 71631K, committed 71936K, reserved 1114112K
  class space    used 8178K, committed 8320K, reserved 1048576K
}
Event: 32.032 GC heap before
{Heap before GC invocations=43 (full 0):
 garbage-first heap   total 200704K, used 161722K [0x0000000748c00000, 0x0000000800000000)
  region size 2048K, 28 young (57344K), 3 survivors (6144K)
 Metaspace       used 71960K, committed 72256K, reserved 1114112K
  class space    used 8186K, committed 8320K, reserved 1048576K
}
Event: 32.056 GC heap after
{Heap after GC invocations=44 (full 0):
 garbage-first heap   total 200704K, used 114487K [0x0000000748c00000, 0x0000000800000000)
  region size 2048K, 2 young (4096K), 2 survivors (4096K)
 Metaspace       used 71960K, committed 72256K, reserved 1114112K
  class space    used 8186K, committed 8320K, reserved 1048576K
}
Event: 35.539 GC heap before
{Heap before GC invocations=44 (full 0):
 garbage-first heap   total 200704K, used 165687K [0x0000000748c00000, 0x0000000800000000)
  region size 2048K, 27 young (55296K), 2 survivors (4096K)
 Metaspace       used 72440K, committed 72768K, reserved 1114112K
  class space    used 8208K, committed 8320K, reserved 1048576K
}
Event: 35.553 GC heap after
{Heap after GC invocations=45 (full 0):
 garbage-first heap   total 200704K, used 118405K [0x0000000748c00000, 0x0000000800000000)
  region size 2048K, 4 young (8192K), 4 survivors (8192K)
 Metaspace       used 72440K, committed 72768K, reserved 1114112K
  class space    used 8208K, committed 8320K, reserved 1048576K
}
Event: 39.007 GC heap before
{Heap before GC invocations=45 (full 0):
 garbage-first heap   total 200704K, used 167557K [0x0000000748c00000, 0x0000000800000000)
  region size 2048K, 28 young (57344K), 4 survivors (8192K)
 Metaspace       used 72767K, committed 73152K, reserved 1122304K
  class space    used 8225K, committed 8384K, reserved 1048576K
}
Event: 39.027 GC heap after
{Heap after GC invocations=46 (full 0):
 garbage-first heap   total 200704K, used 120615K [0x0000000748c00000, 0x0000000800000000)
  region size 2048K, 4 young (8192K), 4 survivors (8192K)
 Metaspace       used 72767K, committed 73152K, reserved 1122304K
  class space    used 8225K, committed 8384K, reserved 1048576K
}
Event: 40.254 GC heap before
{Heap before GC invocations=46 (full 0):
 garbage-first heap   total 200704K, used 167719K [0x0000000748c00000, 0x0000000800000000)
  region size 2048K, 27 young (55296K), 4 survivors (8192K)
 Metaspace       used 73489K, committed 73792K, reserved 1122304K
  class space    used 8269K, committed 8384K, reserved 1048576K
}
Event: 40.268 GC heap after
{Heap after GC invocations=47 (full 0):
 garbage-first heap   total 200704K, used 122091K [0x0000000748c00000, 0x0000000800000000)
  region size 2048K, 1 young (2048K), 1 survivors (2048K)
 Metaspace       used 73489K, committed 73792K, reserved 1122304K
  class space    used 8269K, committed 8384K, reserved 1048576K
}
Event: 42.255 GC heap before
{Heap before GC invocations=47 (full 0):
 garbage-first heap   total 200704K, used 169195K [0x0000000748c00000, 0x0000000800000000)
  region size 2048K, 24 young (49152K), 1 survivors (2048K)
 Metaspace       used 79664K, committed 80000K, reserved 1122304K
  class space    used 8879K, committed 9024K, reserved 1048576K
}
Event: 42.269 GC heap after
{Heap after GC invocations=48 (full 0):
 garbage-first heap   total 200704K, used 126178K [0x0000000748c00000, 0x0000000800000000)
  region size 2048K, 3 young (6144K), 3 survivors (6144K)
 Metaspace       used 79664K, committed 80000K, reserved 1122304K
  class space    used 8879K, committed 9024K, reserved 1048576K
}
Event: 43.585 GC heap before
{Heap before GC invocations=48 (full 0):
 garbage-first heap   total 200704K, used 169186K [0x0000000748c00000, 0x0000000800000000)
  region size 2048K, 24 young (49152K), 3 survivors (6144K)
 Metaspace       used 81217K, committed 81536K, reserved 1122304K
  class space    used 9031K, committed 9152K, reserved 1048576K
}
Event: 43.613 GC heap after
{Heap after GC invocations=49 (full 0):
 garbage-first heap   total 200704K, used 137928K [0x0000000748c00000, 0x0000000800000000)
  region size 2048K, 3 young (6144K), 3 survivors (6144K)
 Metaspace       used 81217K, committed 81536K, reserved 1122304K
  class space    used 9031K, committed 9152K, reserved 1048576K
}
Event: 43.951 GC heap before
{Heap before GC invocations=49 (full 0):
 garbage-first heap   total 200704K, used 164552K [0x0000000748c00000, 0x0000000800000000)
  region size 2048K, 16 young (32768K), 3 survivors (6144K)
 Metaspace       used 81772K, committed 82112K, reserved 1122304K
  class space    used 9116K, committed 9280K, reserved 1048576K
}

