# JRE version: OpenJDK Runtime Environment (17.0.6) (build 17.0.6+0-b2043.56-10027231)
# Java VM: OpenJDK 64-Bit Server VM (17.0.6+0-b2043.56-10027231, mixed mode, tiered, compressed oops, compressed class ptrs, g1 gc, windows-amd64)
GC Precious Log:
 CPUs: 4 total, 4 available
 Memory: 11721M
 Large Page Support: Disabled
 NUMA Support: Disabled
 Compressed Oops: Enabled (Zero based)
 Heap Region Size: 2M
 Heap Min Capacity: 8M
 Heap Initial Capacity: 184M
 Heap Max Capacity: 2932M
 Pre-touch: Disabled
 Parallel Workers: 4
 Concurrent Workers: 1
 Concurrent Refinement Workers: 4
 Periodic GC: Disabled
Heap:
 garbage-first heap   total 96256K, used 70522K [0x0000000748c00000, 0x0000000800000000)
  region size 2048K, 9 young (18432K), 2 survivors (4096K)
 Metaspace       used 61150K, committed 61504K, reserved 1105920K
  class space    used 7197K, committed 7360K, reserved 1048576K
GC Heap History (20 events):
Event: 10.307 GC heap before
{Heap before GC invocations=16 (full 0):
 garbage-first heap   total 61440K, used 46430K [0x0000000748c00000, 0x0000000800000000)
  region size 2048K, 7 young (14336K), 1 survivors (2048K)
 Metaspace       used 46848K, committed 47104K, reserved 1097728K
  class space    used 5627K, committed 5760K, reserved 1048576K
}
Event: 10.318 GC heap after
{Heap after GC invocations=17 (full 0):
 garbage-first heap   total 61440K, used 36088K [0x0000000748c00000, 0x0000000800000000)
  region size 2048K, 1 young (2048K), 1 survivors (2048K)
 Metaspace       used 46848K, committed 47104K, reserved 1097728K
  class space    used 5627K, committed 5760K, reserved 1048576K
}
Event: 11.020 GC heap before
{Heap before GC invocations=18 (full 0):
 garbage-first heap   total 65536K, used 46328K [0x0000000748c00000, 0x0000000800000000)
  region size 2048K, 6 young (12288K), 1 survivors (2048K)
 Metaspace       used 48624K, committed 48896K, reserved 1097728K
  class space    used 5853K, committed 6016K, reserved 1048576K
}
Event: 11.031 GC heap after
{Heap after GC invocations=19 (full 0):
 garbage-first heap   total 65536K, used 37766K [0x0000000748c00000, 0x0000000800000000)
  region size 2048K, 1 young (2048K), 1 survivors (2048K)
 Metaspace       used 48624K, committed 48896K, reserved 1097728K
  class space    used 5853K, committed 6016K, reserved 1048576K
}
Event: 11.138 GC heap before
{Heap before GC invocations=19 (full 0):
 garbage-first heap   total 65536K, used 39814K [0x0000000748c00000, 0x0000000800000000)
  region size 2048K, 3 young (6144K), 1 survivors (2048K)
 Metaspace       used 49316K, committed 49600K, reserved 1097728K
  class space    used 5945K, committed 6080K, reserved 1048576K
}
Event: 11.144 GC heap after
{Heap after GC invocations=20 (full 0):
 garbage-first heap   total 79872K, used 37997K [0x0000000748c00000, 0x0000000800000000)
  region size 2048K, 1 young (2048K), 1 survivors (2048K)
 Metaspace       used 49316K, committed 49600K, reserved 1097728K
  class space    used 5945K, committed 6080K, reserved 1048576K
}
Event: 12.588 GC heap before
{Heap before GC invocations=21 (full 0):
 garbage-first heap   total 79872K, used 60525K [0x0000000748c00000, 0x0000000800000000)
  region size 2048K, 11 young (22528K), 1 survivors (2048K)
 Metaspace       used 53219K, committed 53504K, reserved 1097728K
  class space    used 6401K, committed 6528K, reserved 1048576K
}
Event: 12.603 GC heap after
{Heap after GC invocations=22 (full 0):
 garbage-first heap   total 79872K, used 43659K [0x0000000748c00000, 0x0000000800000000)
  region size 2048K, 2 young (4096K), 2 survivors (4096K)
 Metaspace       used 53219K, committed 53504K, reserved 1097728K
  class space    used 6401K, committed 6528K, reserved 1048576K
}
Event: 14.014 GC heap before
{Heap before GC invocations=22 (full 0):
 garbage-first heap   total 79872K, used 62091K [0x0000000748c00000, 0x0000000800000000)
  region size 2048K, 11 young (22528K), 2 survivors (4096K)
 Metaspace       used 56778K, committed 57024K, reserved 1105920K
  class space    used 6797K, committed 6912K, reserved 1048576K
}
Event: 14.031 GC heap after
{Heap after GC invocations=23 (full 0):
 garbage-first heap   total 79872K, used 46150K [0x0000000748c00000, 0x0000000800000000)
  region size 2048K, 2 young (4096K), 2 survivors (4096K)
 Metaspace       used 56778K, committed 57024K, reserved 1105920K
  class space    used 6797K, committed 6912K, reserved 1048576K
}
Event: 14.458 GC heap before
{Heap before GC invocations=24 (full 0):
 garbage-first heap   total 86016K, used 58438K [0x0000000748c00000, 0x0000000800000000)
  region size 2048K, 8 young (16384K), 2 survivors (4096K)
 Metaspace       used 56963K, committed 57280K, reserved 1105920K
  class space    used 6813K, committed 6976K, reserved 1048576K
}
Event: 14.469 GC heap after
{Heap after GC invocations=25 (full 0):
 garbage-first heap   total 86016K, used 48119K [0x0000000748c00000, 0x0000000800000000)
  region size 2048K, 1 young (2048K), 1 survivors (2048K)
 Metaspace       used 56963K, committed 57280K, reserved 1105920K
  class space    used 6813K, committed 6976K, reserved 1048576K
}
Event: 14.725 GC heap before
{Heap before GC invocations=25 (full 0):
 garbage-first heap   total 86016K, used 64503K [0x0000000748c00000, 0x0000000800000000)
  region size 2048K, 9 young (18432K), 1 survivors (2048K)
 Metaspace       used 57009K, committed 57344K, reserved 1105920K
  class space    used 6813K, committed 6976K, reserved 1048576K
}
Event: 14.731 GC heap after
{Heap after GC invocations=26 (full 0):
 garbage-first heap   total 86016K, used 48676K [0x0000000748c00000, 0x0000000800000000)
  region size 2048K, 2 young (4096K), 2 survivors (4096K)
 Metaspace       used 57009K, committed 57344K, reserved 1105920K
  class space    used 6813K, committed 6976K, reserved 1048576K
}
Event: 15.588 GC heap before
{Heap before GC invocations=27 (full 0):
 garbage-first heap   total 92160K, used 65060K [0x0000000748c00000, 0x0000000800000000)
  region size 2048K, 10 young (20480K), 2 survivors (4096K)
 Metaspace       used 57700K, committed 57984K, reserved 1105920K
  class space    used 6897K, committed 7040K, reserved 1048576K
}
Event: 15.597 GC heap after
{Heap after GC invocations=28 (full 0):
 garbage-first heap   total 92160K, used 49545K [0x0000000748c00000, 0x0000000800000000)
  region size 2048K, 1 young (2048K), 1 survivors (2048K)
 Metaspace       used 57700K, committed 57984K, reserved 1105920K
  class space    used 6897K, committed 7040K, reserved 1048576K
}
Event: 17.580 GC heap before
{Heap before GC invocations=28 (full 0):
 garbage-first heap   total 92160K, used 72073K [0x0000000748c00000, 0x0000000800000000)
  region size 2048K, 12 young (24576K), 1 survivors (2048K)
 Metaspace       used 59683K, committed 59968K, reserved 1105920K
  class space    used 7102K, committed 7232K, reserved 1048576K
}
Event: 17.601 GC heap after
{Heap after GC invocations=29 (full 0):
 garbage-first heap   total 92160K, used 54556K [0x0000000748c00000, 0x0000000800000000)
  region size 2048K, 2 young (4096K), 2 survivors (4096K)
 Metaspace       used 59683K, committed 59968K, reserved 1105920K
  class space    used 7102K, committed 7232K, reserved 1048576K
}
Event: 18.692 GC heap before
{Heap before GC invocations=30 (full 0):
 garbage-first heap   total 96256K, used 70940K [0x0000000748c00000, 0x0000000800000000)
  region size 2048K, 10 young (20480K), 2 survivors (4096K)
 Metaspace       used 60880K, committed 61184K, reserved 1105920K
  class space    used 7180K, committed 7296K, reserved 1048576K
}
Event: 18.714 GC heap after
{Heap after GC invocations=31 (full 0):
 garbage-first heap   total 96256K, used 58234K [0x0000000748c00000, 0x0000000800000000)
  region size 2048K, 2 young (4096K), 2 survivors (4096K)
 Metaspace       used 60880K, committed 61184K, reserved 1105920K
  class space    used 7180K, committed 7296K, reserved 1048576K
}

