# JRE version: OpenJDK Runtime Environment (17.0.6) (build 17.0.6+0-b2043.56-10027231)
# Java VM: OpenJDK 64-Bit Server VM (17.0.6+0-b2043.56-10027231, mixed mode, tiered, compressed oops, compressed class ptrs, g1 gc, windows-amd64)
GC Precious Log:
 CPUs: 4 total, 4 available
 Memory: 11721M
 Large Page Support: Disabled
 NUMA Support: Disabled
 Compressed Oops: Enabled (Zero based)
 Heap Region Size: 2M
 Heap Min Capacity: 8M
 Heap Initial Capacity: 184M
 Heap Max Capacity: 2932M
 Pre-touch: Disabled
 Parallel Workers: 4
 Concurrent Workers: 1
 Concurrent Refinement Workers: 4
 Periodic GC: Disabled
Heap:
 garbage-first heap   total 157696K, used 73693K [0x0000000748c00000, 0x0000000800000000)
  region size 2048K, 3 young (6144K), 3 survivors (6144K)
 Metaspace       used 57489K, committed 57792K, reserved 1105920K
  class space    used 6829K, committed 6976K, reserved 1048576K
GC Heap History (20 events):
Event: 7.561 GC heap after
{Heap after GC invocations=16 (full 0):
 garbage-first heap   total 73728K, used 34629K [0x0000000748c00000, 0x0000000800000000)
  region size 2048K, 1 young (2048K), 1 survivors (2048K)
 Metaspace       used 47479K, committed 47680K, reserved 1097728K
  class space    used 5685K, committed 5760K, reserved 1048576K
}
Event: 8.230 GC heap before
{Heap before GC invocations=16 (full 0):
 garbage-first heap   total 73728K, used 40773K [0x0000000748c00000, 0x0000000800000000)
  region size 2048K, 5 young (10240K), 1 survivors (2048K)
 Metaspace       used 48956K, committed 49216K, reserved 1097728K
  class space    used 5886K, committed 6016K, reserved 1048576K
}
Event: 8.236 GC heap after
{Heap after GC invocations=17 (full 0):
 garbage-first heap   total 73728K, used 35682K [0x0000000748c00000, 0x0000000800000000)
  region size 2048K, 1 young (2048K), 1 survivors (2048K)
 Metaspace       used 48956K, committed 49216K, reserved 1097728K
  class space    used 5886K, committed 6016K, reserved 1048576K
}
Event: 9.212 GC heap before
{Heap before GC invocations=18 (full 0):
 garbage-first heap   total 73728K, used 56162K [0x0000000748c00000, 0x0000000800000000)
  region size 2048K, 10 young (20480K), 1 survivors (2048K)
 Metaspace       used 50617K, committed 50880K, reserved 1097728K
  class space    used 6057K, committed 6208K, reserved 1048576K
}
Event: 9.226 GC heap after
{Heap after GC invocations=19 (full 0):
 garbage-first heap   total 73728K, used 41845K [0x0000000748c00000, 0x0000000800000000)
  region size 2048K, 2 young (4096K), 2 survivors (4096K)
 Metaspace       used 50617K, committed 50880K, reserved 1097728K
  class space    used 6057K, committed 6208K, reserved 1048576K
}
Event: 9.562 GC heap before
{Heap before GC invocations=19 (full 0):
 garbage-first heap   total 73728K, used 52085K [0x0000000748c00000, 0x0000000800000000)
  region size 2048K, 8 young (16384K), 2 survivors (4096K)
 Metaspace       used 50805K, committed 51136K, reserved 1097728K
  class space    used 6057K, committed 6208K, reserved 1048576K
}
Event: 9.574 GC heap after
{Heap after GC invocations=20 (full 0):
 garbage-first heap   total 73728K, used 43930K [0x0000000748c00000, 0x0000000800000000)
  region size 2048K, 1 young (2048K), 1 survivors (2048K)
 Metaspace       used 50805K, committed 51136K, reserved 1097728K
  class space    used 6057K, committed 6208K, reserved 1048576K
}
Event: 9.729 GC heap before
{Heap before GC invocations=20 (full 0):
 garbage-first heap   total 86016K, used 56218K [0x0000000748c00000, 0x0000000800000000)
  region size 2048K, 7 young (14336K), 1 survivors (2048K)
 Metaspace       used 50825K, committed 51136K, reserved 1097728K
  class space    used 6057K, committed 6208K, reserved 1048576K
}
Event: 9.740 GC heap after
{Heap after GC invocations=21 (full 0):
 garbage-first heap   total 120832K, used 47397K [0x0000000748c00000, 0x0000000800000000)
  region size 2048K, 1 young (2048K), 1 survivors (2048K)
 Metaspace       used 50825K, committed 51136K, reserved 1097728K
  class space    used 6057K, committed 6208K, reserved 1048576K
}
Event: 10.670 GC heap before
{Heap before GC invocations=22 (full 0):
 garbage-first heap   total 120832K, used 84261K [0x0000000748c00000, 0x0000000800000000)
  region size 2048K, 19 young (38912K), 1 survivors (2048K)
 Metaspace       used 53249K, committed 53568K, reserved 1097728K
  class space    used 6322K, committed 6464K, reserved 1048576K
}
Event: 10.681 GC heap after
{Heap after GC invocations=23 (full 0):
 garbage-first heap   total 120832K, used 49849K [0x0000000748c00000, 0x0000000800000000)
  region size 2048K, 3 young (6144K), 3 survivors (6144K)
 Metaspace       used 53249K, committed 53568K, reserved 1097728K
  class space    used 6322K, committed 6464K, reserved 1048576K
}
Event: 11.531 GC heap before
{Heap before GC invocations=23 (full 0):
 garbage-first heap   total 120832K, used 86713K [0x0000000748c00000, 0x0000000800000000)
  region size 2048K, 21 young (43008K), 3 survivors (6144K)
 Metaspace       used 54644K, committed 54976K, reserved 1097728K
  class space    used 6476K, committed 6656K, reserved 1048576K
}
Event: 11.553 GC heap after
{Heap after GC invocations=24 (full 0):
 garbage-first heap   total 120832K, used 55346K [0x0000000748c00000, 0x0000000800000000)
  region size 2048K, 3 young (6144K), 3 survivors (6144K)
 Metaspace       used 54644K, committed 54976K, reserved 1097728K
  class space    used 6476K, committed 6656K, reserved 1048576K
}
Event: 12.465 GC heap before
{Heap before GC invocations=24 (full 0):
 garbage-first heap   total 120832K, used 92210K [0x0000000748c00000, 0x0000000800000000)
  region size 2048K, 20 young (40960K), 3 survivors (6144K)
 Metaspace       used 55046K, committed 55360K, reserved 1097728K
  class space    used 6542K, committed 6720K, reserved 1048576K
}
Event: 12.481 GC heap after
{Heap after GC invocations=25 (full 0):
 garbage-first heap   total 120832K, used 60659K [0x0000000748c00000, 0x0000000800000000)
  region size 2048K, 2 young (4096K), 2 survivors (4096K)
 Metaspace       used 55046K, committed 55360K, reserved 1097728K
  class space    used 6542K, committed 6720K, reserved 1048576K
}
Event: 13.046 GC heap before
{Heap before GC invocations=25 (full 0):
 garbage-first heap   total 120832K, used 93427K [0x0000000748c00000, 0x0000000800000000)
  region size 2048K, 18 young (36864K), 2 survivors (4096K)
 Metaspace       used 55050K, committed 55360K, reserved 1097728K
  class space    used 6542K, committed 6720K, reserved 1048576K
}
Event: 13.058 GC heap after
{Heap after GC invocations=26 (full 0):
 garbage-first heap   total 120832K, used 63341K [0x0000000748c00000, 0x0000000800000000)
  region size 2048K, 3 young (6144K), 3 survivors (6144K)
 Metaspace       used 55050K, committed 55360K, reserved 1097728K
  class space    used 6542K, committed 6720K, reserved 1048576K
}
Event: 13.338 GC heap before
{Heap before GC invocations=27 (full 0):
 garbage-first heap   total 131072K, used 96109K [0x0000000748c00000, 0x0000000800000000)
  region size 2048K, 19 young (38912K), 3 survivors (6144K)
 Metaspace       used 55050K, committed 55360K, reserved 1097728K
  class space    used 6542K, committed 6720K, reserved 1048576K
}
Event: 13.350 GC heap after
{Heap after GC invocations=28 (full 0):
 garbage-first heap   total 131072K, used 66940K [0x0000000748c00000, 0x0000000800000000)
  region size 2048K, 3 young (6144K), 3 survivors (6144K)
 Metaspace       used 55050K, committed 55360K, reserved 1097728K
  class space    used 6542K, committed 6720K, reserved 1048576K
}
Event: 14.614 GC heap before
{Heap before GC invocations=28 (full 0):
 garbage-first heap   total 131072K, used 101756K [0x0000000748c00000, 0x0000000800000000)
  region size 2048K, 20 young (40960K), 3 survivors (6144K)
 Metaspace       used 57489K, committed 57792K, reserved 1105920K
  class space    used 6829K, committed 6976K, reserved 1048576K
}

